<?xml version="1.0" encoding="UTF-8"?>
<!-- Generated by org.testng.reporters.JUnitReportReporter -->
<testsuite hostname="WINAA5CD335LPK0" failures="0" tests="4" name="api.test.Usertests" time="8.234" errors="0" timestamp="2024-04-24T11:00:55 IST" skipped="0">
  <testcase classname="api.test.Usertests" name="testPostUser" time="3.013"/>
  <testcase classname="api.test.Usertests" name="testGetUserByName" time="1.301"/>
  <testcase classname="api.test.Usertests" name="testUpdateUserByName" time="2.754"/>
  <testcase classname="api.test.Usertests" name="testDeleteUserByName" time="1.166"/>
</testsuite> <!-- api.test.Usertests -->
