<?xml version="1.0" encoding="UTF-8"?>
<!-- Generated by org.testng.reporters.JUnitReportReporter -->
<testsuite hostname="WINAA5CD335LPK0" failures="0" tests="4" name="api.test.Usertests2" time="10.553" errors="0" timestamp="2024-04-24T15:11:49 IST" skipped="0">
  <testcase classname="api.test.Usertests2" name="testPostUser" time="4.740"/>
  <testcase classname="api.test.Usertests2" name="testGetUserByName" time="1.503"/>
  <testcase classname="api.test.Usertests2" name="testUpdateUserByName" time="2.849"/>
  <testcase classname="api.test.Usertests2" name="testDeleteUserByName" time="1.461"/>
</testsuite> <!-- api.test.Usertests2 -->
